<?xml version="1.0" encoding="UTF-8"?>
<!-- Generated by org.testng.reporters.JUnitReportReporter -->
<testsuite skipped="0" hostname="User-PC" name="co.crm.loginpageTest.DocspageTest" tests="3" failures="0" timestamp="16 May 2018 08:49:11 GMT" time="27.559" errors="0">
  <testcase name="f" time="10.575" classname="co.crm.loginpageTest.DocspageTest"/>
  <testcase name="f1" time="6.565" classname="co.crm.loginpageTest.DocspageTest"/>
  <testcase name="f2" time="10.419" classname="co.crm.loginpageTest.DocspageTest"/>
</testsuite> <!-- co.crm.loginpageTest.DocspageTest -->
