<?xml version="1.0" encoding="UTF-8"?>
<!-- Generated by org.testng.reporters.JUnitReportReporter -->
<testsuite skipped="0" hostname="User-PC" name="co.crm.loginpageTest.FormsTest" tests="2" failures="0" timestamp="16 May 2018 13:10:11 GMT" time="14.793" errors="0">
  <testcase name="f" time="8.295" classname="co.crm.loginpageTest.FormsTest"/>
  <testcase name="f1" time="6.498" classname="co.crm.loginpageTest.FormsTest"/>
</testsuite> <!-- co.crm.loginpageTest.FormsTest -->
