<?xml version="1.0" encoding="UTF-8"?>
<!-- Generated by org.testng.reporters.JUnitReportReporter -->
<testsuite skipped="0" hostname="User-PC" name="co.crm.loginpageTest.HomepageTest" tests="2" failures="0" timestamp="11 May 2018 09:32:51 GMT" time="16.870" errors="0">
  <testcase name="f" time="10.816" classname="co.crm.loginpageTest.HomepageTest"/>
  <testcase name="f1" time="6.054" classname="co.crm.loginpageTest.HomepageTest"/>
</testsuite> <!-- co.crm.loginpageTest.HomepageTest -->
