<?xml version="1.0" encoding="UTF-8"?>
<!-- Generated by org.testng.reporters.JUnitReportReporter -->
<testsuite skipped="0" hostname="User-PC" name="co.crm.loginpageTest.LoginpageTest" tests="1" failures="0" timestamp="10 May 2018 14:23:14 GMT" time="9.345" errors="0">
  <testcase name="f" time="9.345" classname="co.crm.loginpageTest.LoginpageTest"/>
</testsuite> <!-- co.crm.loginpageTest.LoginpageTest -->
